Mplus VERSION 7.3
MUTHEN & MUTHEN
03/06/2015  11:07 AM

INPUT INSTRUCTIONS

  TITLE:
   Modeling Cognitive Decline in ELSA study: irecall

  DATA:
    FILE = dsL_ELSA.csv;
    FORMAT = FREE;

  DEFINE:
  ! choose the metric of time
    timeL = wave;
    timeQ = wave*wave;
  ! choose the outcome
    outcome = irecall;

  !123456789!123456789!123456789!123456789!123456789!123456789!123456789!123456789!
  VARIABLE:
    NAMES = id dob sex age1B edu ht db htdb nocase ang1A chf1A mi1A stk1A cogflg1A
    evrsmk1A htnw1A dmw1A timeToIn irecall animal prospect drecall age80 edu11 hptn
    dbts condition wave year Age waveF female;
    USEVARIABLES = outcome timeL timeQ;
    MISSING = ALL (-9999);
    CLUSTER = id;
    WITHIN = timeL timeQ;



  ANALYSIS:
    ESTIMATOR = ML;
    PROCESSORS = 4;
    TYPE = TWOLEVEL RANDOM;

  MODEL:

  %WITHIN%
    outcome;
    linear | outcome ON timeL;
    quad   | outcome ON timeQ;


  %BETWEEN%
    [outcome linear quad] (int btimeL btimeQ);
    outcome linear quad;
    outcome linear quad WITH outcome linear quad;







INPUT READING TERMINATED NORMALLY




Modeling Cognitive Decline in ELSA study: irecall

SUMMARY OF ANALYSIS

Number of groups                                                 1
Number of observations                                       22116

Number of dependent variables                                    1
Number of independent variables                                  2
Number of continuous latent variables                            2

Observed dependent variables

  Continuous
   OUTCOME

Observed independent variables
   TIMEL       TIMEQ

Continuous latent variables
   LINEAR      QUAD

Variables with special functions

  Cluster variable      ID

  Within variables
   TIMEL       TIMEQ


Estimator                                                       ML
Information matrix                                        OBSERVED
Maximum number of iterations                                   100
Convergence criterion                                    0.100D-05
Maximum number of EM iterations                                500
Convergence criteria for the EM algorithm
  Loglikelihood change                                   0.100D-02
  Relative loglikelihood change                          0.100D-05
  Derivative                                             0.100D-03
Minimum variance                                         0.100D-03
Maximum number of steepest descent iterations                   20
Maximum number of iterations for H1                           2000
Convergence criterion for H1                             0.100D-03
Optimization algorithm                                         EMA

Input data file(s)
  dsL_ELSA.csv
Input data format  FREE


SUMMARY OF DATA

     Number of missing data patterns             1
     Number of clusters                       5529



COVARIANCE COVERAGE OF DATA

Minimum covariance coverage value   0.100


     PROPORTION OF DATA PRESENT


           Covariance Coverage
              OUTCOME       TIMEL         TIMEQ
              ________      ________      ________
 OUTCOME        1.000
 TIMEL          1.000         1.000
 TIMEQ          1.000         1.000         1.000



THE MODEL ESTIMATION TERMINATED NORMALLY



MODEL FIT INFORMATION

Number of Free Parameters                       10

Loglikelihood

          H0 Value                      -40279.507

Information Criteria

          Akaike (AIC)                   80579.013
          Bayesian (BIC)                 80659.054
          Sample-Size Adjusted BIC       80627.274
            (n* = (n + 2) / 24)



MODEL RESULTS

                                                    Two-Tailed
                    Estimate       S.E.  Est./S.E.    P-Value

Within Level

 Residual Variances
    OUTCOME            1.520      0.028     53.833      0.000

Between Level

 OUTCOME  WITH
    LINEAR            -0.449      0.287     -1.563      0.118
    QUAD               0.087      0.054      1.597      0.110

 LINEAR   WITH
    QUAD              -0.087      0.052     -1.661      0.097

 Means
    OUTCOME            5.614      0.049    114.731      0.000
    LINEAR             0.239      0.043      5.533      0.000
    QUAD              -0.052      0.008     -6.093      0.000

 Variances
    OUTCOME            1.463      0.335      4.372      0.000
    LINEAR             0.494      0.269      1.837      0.066
    QUAD               0.016      0.010      1.522      0.128


QUALITY OF NUMERICAL RESULTS

     Condition Number for the Information Matrix              0.101E-06
       (ratio of smallest to largest eigenvalue)


DIAGRAM INFORMATION

  Mplus diagrams are currently not available for multilevel analysis.
  No diagram output was produced.


     Beginning Time:  11:07:47
        Ending Time:  11:08:08
       Elapsed Time:  00:00:21



MUTHEN & MUTHEN
3463 Stoner Ave.
Los Angeles, CA  90066

Tel: (310) 391-9971
Fax: (310) 391-8971
Web: www.StatModel.com
Support: Support@StatModel.com

Copyright (c) 1998-2014 Muthen & Muthen
