Mplus VERSION 7.3
MUTHEN & MUTHEN
01/27/2015   8:53 AM

INPUT INSTRUCTIONS

  Title: ELSA MLM Hoffman Chapter 5 Extended Example

  Data:  File is ELSA_LONG_n1000.dat ;

  Variable: Names are
       idauniq idahhw wgt year year2 wave wave2 age2
       dageyrs ddobyrs dyear0 dyrsobs dagefat dagemot
       dsex deduqual dethnic dhhsize dmarsta

       eclaind eclahh einchhg ejobfath edqualw1 eincind
       eclafath ewthphy ewthnfn ewthfin ewthinv ewthsav
       eincspn eincppn einchh eworksta

       balcupw0 balcamt0 bsmkqty bsmkevr bsmknow balcoft balcdlw

       hcvddia hrspdia hdigdia hmskdia hblddia hagdmoth
       hcodmoth hagdfath hcodfath hsrhscr hbminum hfvcltr
       hfevltr hlunglm hangdia hdibdia hcandia hpsydia
       hdgskgs hngskgs hmapprs hpulprs hdiaprs hsysprs
       hwlksec hcr5sec hiadsca hadlsca

       psspscr0 pc19sca pdepsca

       csrmscr cwrlnum caninum cprmscr cdwlnum;

    Missing are all (-9999);

  ! List of ALL variables used in model;
      USEVARIABLES ARE cdwlnum;                 ! Use in random int model;
      !USEVARIABLES ARE time cdwlnum;           ! Use in linear models;

  ! limit cases;
  !    USEOBSERVATIONS = ;

  ! Identify person-level nesting;
      CLUSTER = idauniq;
  ! Predictor variables measured within-persons (just time for now);
      WITHIN =  ;                        ! Use in random int model;
      !WITHIN = time;                    ! Use in linear models;

  ! Predictor variables measured between-persons (none right now);
      BETWEEN = ;

  Define:    age65=dageyrs-65;
             time=year;

  ANALYSIS:   TYPE IS TWOLEVEL RANDOM;     ! 2-level model with random slopes;
              ESTIMATOR IS ML;
  MODEL:	
  !!!!! Model 1: Empty, Random Intercept Only Model;
       ! Level-1, time-level model;
          %WITHIN%                        ! Residual included by default;
              ;
       ! Level-2, person-level model;
          %BETWEEN%
             cdwlnum*;                          ! Random int included by default;

  !!!!! Model 2: Fixed Linear, Random Intercept Model;
      ! Level-1, time-level model;
  !        %WITHIN%                         ! Residual included by default;
  !            linear | cdwlnum ON time;    ! Fixed linear slope;
      ! Level-2, person-level model;
  !        %BETWEEN%
  !            cdwlnum*                     ! Random int included by default;
  !            linear@0;                    ! No random linear variance;

  !!!!! Model 3: Random Linear Only Model;
      ! Level-1, time-level model;
  !        %WITHIN%                         ! Residual included by default;
  !            linear | cdwlnum ON time;          ! Fixed linear slope;
      ! Level-2, person-level model;
  !        %BETWEEN%
  !            cdwlnum*                           ! Random int included by default;
  !            linear*;                     ! Random linear variance;
  !            cdwlnum WITH linear;               ! Int-Linear covariance;


  Output: sampstat  ;




*** WARNING in MODEL command
  Variable is uncorrelated with all other variables: CDWLNUM
*** WARNING in MODEL command
  At least one variable is uncorrelated with all other variables in the model.
  Check that this is what is intended.
   2 WARNING(S) FOUND IN THE INPUT INSTRUCTIONS



ELSA MLM Hoffman Chapter 5 Extended Example

SUMMARY OF ANALYSIS

Number of groups                                                 1
Number of observations                                        5000

Number of dependent variables                                    1
Number of independent variables                                  0
Number of continuous latent variables                            0

Observed dependent variables

  Continuous
   CDWLNUM

Variables with special functions

  Cluster variable      IDAUNIQ

Estimator                                                       ML
Information matrix                                        OBSERVED
Maximum number of iterations                                   100
Convergence criterion                                    0.100D-05
Maximum number of EM iterations                                500
Convergence criteria for the EM algorithm
  Loglikelihood change                                   0.100D-02
  Relative loglikelihood change                          0.100D-05
  Derivative                                             0.100D-03
Minimum variance                                         0.100D-03
Maximum number of steepest descent iterations                   20
Maximum number of iterations for H1                           2000
Convergence criterion for H1                             0.100D-03
Optimization algorithm                                         EMA

Input data file(s)
  ELSA_LONG_n1000.dat
Input data format  FREE


SUMMARY OF DATA

     Number of missing data patterns             1
     Number of clusters                       1000

     Average cluster size        5.000

     Estimated Intraclass Correlations for the Y Variables

                Intraclass
     Variable  Correlation

     CDWLNUM      0.158



COVARIANCE COVERAGE OF DATA

Minimum covariance coverage value   0.100


     PROPORTION OF DATA PRESENT


           Covariance Coverage
              CDWLNUM
              ________
 CDWLNUM        1.000


SAMPLE STATISTICS

NOTE:  The sample statistics for within and between refer to the
       maximum-likelihood estimated within and between covariance
       matrices, respectively.


     ESTIMATED SAMPLE STATISTICS FOR WITHIN


           Means
              CDWLNUM
              ________
 1              0.000


           Covariances
              CDWLNUM
              ________
 CDWLNUM       19.241


           Correlations
              CDWLNUM
              ________
 CDWLNUM        1.000


     ESTIMATED SAMPLE STATISTICS FOR BETWEEN


           Means
              CDWLNUM
              ________
 1              6.275


           Covariances
              CDWLNUM
              ________
 CDWLNUM        3.623


           Correlations
              CDWLNUM
              ________
 CDWLNUM        1.000


     MAXIMUM LOG-LIKELIHOOD VALUE FOR THE UNRESTRICTED (H1) MODEL IS -14818.957


UNIVARIATE HIGHER-ORDER MOMENT DESCRIPTIVE STATISTICS


     UNIVARIATE HIGHER-ORDER MOMENT DESCRIPTIVE STATISTICS

         Variable/         Mean/     Skewness/   Minimum/ % with                Percentiles
        Sample Size      Variance    Kurtosis    Maximum  Min/Max      20%/60%    40%/80%    Median

     CDWLNUM               6.275       0.033       1.000   39.88%       1.000      2.000      8.000
            5000.000      22.861      -1.669      15.000    0.66%       9.000     11.000


THE MODEL ESTIMATION TERMINATED NORMALLY



MODEL FIT INFORMATION

Number of Free Parameters                        3

Loglikelihood

          H0 Value                      -14818.959
          H1 Value                      -14818.957

Information Criteria

          Akaike (AIC)                   29643.917
          Bayesian (BIC)                 29663.469
          Sample-Size Adjusted BIC       29653.936
            (n* = (n + 2) / 24)

Chi-Square Test of Model Fit

          Value                              0.002
          Degrees of Freedom                     0
          P-Value                           0.0000

RMSEA (Root Mean Square Error Of Approximation)

          Estimate                           0.000

CFI/TLI

          CFI                                0.000
          TLI                                1.000

Chi-Square Test of Model Fit for the Baseline Model

          Value                              0.000
          Degrees of Freedom                     0
          P-Value                           1.0000

SRMR (Standardized Root Mean Square Residual)

          Value for Within                   0.000
          Value for Between                  0.000



MODEL RESULTS

                                                    Two-Tailed
                    Estimate       S.E.  Est./S.E.    P-Value

Within Level

 Variances
    CDWLNUM           19.236      0.430     44.739      0.000

Between Level

 Means
    CDWLNUM            6.275      0.087     72.540      0.000

 Variances
    CDWLNUM            3.636      0.346     10.502      0.000


QUALITY OF NUMERICAL RESULTS

     Condition Number for the Information Matrix              0.738E-02
       (ratio of smallest to largest eigenvalue)


DIAGRAM INFORMATION

  Mplus diagrams are currently not available for multilevel analysis.
  No diagram output was produced.


     Beginning Time:  08:53:07
        Ending Time:  08:53:07
       Elapsed Time:  00:00:00



MUTHEN & MUTHEN
3463 Stoner Ave.
Los Angeles, CA  90066

Tel: (310) 391-9971
Fax: (310) 391-8971
Web: www.StatModel.com
Support: Support@StatModel.com

Copyright (c) 1998-2014 Muthen & Muthen
