Mplus VERSION 7.3
MUTHEN & MUTHEN
01/09/2015  10:03 AM

INPUT INSTRUCTIONS

  TITLE:
    Eq 3a.1: Empty Between-Person Model

  DATA:
    FILE = MPLUS_Chapter3a.csv;
    FORMAT = FREE;

  DATA WIDETOLONG:
    WIDE = outcome1-outcome2;
    LONG = outcome;
    IDVARIABLE = PersonID;
    REPETITION = time1;

  VARIABLE:
    NAMES = PersonID group outcome1 outcome2;
    USEVARIABLES = outcome;
    MISSING = ALL (-9999);
    CLUSTER = PersonID;

  ANALYSIS:
    ESTIMATOR = ML;
    PROCESSORS = 4;
    TYPE = TWOLEVEL RANDOM;

  MODEL:

  %WITHIN%
    outcome;

  %BETWEEN%
    [outcome];
    outcome@0;



*** WARNING in MODEL command
  Variable is uncorrelated with all other variables: OUTCOME
*** WARNING in MODEL command
  At least one variable is uncorrelated with all other variables in the model.
  Check that this is what is intended.
   2 WARNING(S) FOUND IN THE INPUT INSTRUCTIONS




Eq 3a.1: Empty Between-Person Model

SUMMARY OF ANALYSIS

Number of groups                                                 1
Number of observations                                         100

Number of dependent variables                                    1
Number of independent variables                                  0
Number of continuous latent variables                            0

Observed dependent variables

  Continuous
   OUTCOME

Variables with special functions

  Cluster variable      PERSONID

Estimator                                                       ML
Information matrix                                        OBSERVED
Maximum number of iterations                                   100
Convergence criterion                                    0.100D-05
Maximum number of EM iterations                                500
Convergence criteria for the EM algorithm
  Loglikelihood change                                   0.100D-02
  Relative loglikelihood change                          0.100D-05
  Derivative                                             0.100D-03
Minimum variance                                         0.100D-03
Maximum number of steepest descent iterations                   20
Maximum number of iterations for H1                           2000
Convergence criterion for H1                             0.100D-03
Optimization algorithm                                         EMA

Input data file(s)
  MPLUS_Chapter3a.csv
Input data format  FREE


SUMMARY OF DATA

     Number of missing data patterns             1
     Number of clusters                         50

     Average cluster size        2.000

     Estimated Intraclass Correlations for the Y Variables

                Intraclass
     Variable  Correlation

     OUTCOME      0.296



COVARIANCE COVERAGE OF DATA

Minimum covariance coverage value   0.100


     PROPORTION OF DATA PRESENT


           Covariance Coverage
              OUTCOME
              ________
 OUTCOME        1.000



THE MODEL ESTIMATION TERMINATED NORMALLY



MODEL FIT INFORMATION

Number of Free Parameters                        2

Loglikelihood

          H0 Value                        -326.253
          H1 Value                        -323.999

Information Criteria

          Akaike (AIC)                     656.505
          Bayesian (BIC)                   661.716
          Sample-Size Adjusted BIC         655.399
            (n* = (n + 2) / 24)

Chi-Square Test of Model Fit

          Value                              4.508
          Degrees of Freedom                     1
          P-Value                           0.0337

RMSEA (Root Mean Square Error Of Approximation)

          Estimate                           0.187

CFI/TLI

          CFI                                0.000
          TLI                                1.000

Chi-Square Test of Model Fit for the Baseline Model

          Value                              0.000
          Degrees of Freedom                     0
          P-Value                           1.0000

SRMR (Standardized Root Mean Square Residual)

          Value for Within                   0.000
          Value for Between                  0.000



MODEL RESULTS

                                                    Two-Tailed
                    Estimate       S.E.  Est./S.E.    P-Value

Within Level

 Variances
    OUTCOME           39.932      5.647      7.071      0.000

Between Level

 Means
    OUTCOME           53.340      0.632     84.409      0.000

 Variances
    OUTCOME            0.000      0.000    999.000    999.000


QUALITY OF NUMERICAL RESULTS

     Condition Number for the Information Matrix              0.342E-02
       (ratio of smallest to largest eigenvalue)


     Beginning Time:  10:03:39
        Ending Time:  10:03:39
       Elapsed Time:  00:00:00



MUTHEN & MUTHEN
3463 Stoner Ave.
Los Angeles, CA  90066

Tel: (310) 391-9971
Fax: (310) 391-8971
Web: www.StatModel.com
Support: Support@StatModel.com

Copyright (c) 1998-2014 Muthen & Muthen
