Mplus VERSION 7.3
MUTHEN & MUTHEN
01/09/2015  10:01 AM

INPUT INSTRUCTIONS

  TITLE:
    Eq 2.9: Adding Age by Grip Interaction
    Age (0=85), Grip (0=9)

  DATA:
    FILE = MPLUS_Chapter2.csv;
    FORMAT = FREE;

  DEFINE:
    age85 = age - 85;
    grip9 = grip - 9;
    IF demgroup EQ 1 THEN demNF=0;
    IF demgroup EQ 1 THEN demNC=0;
    IF demgroup EQ 2 THEN demNF=1;
    IF demgroup EQ 2 THEN demNC=0;
    IF demgroup EQ 3 THEN demNF=0;
    IF demgroup EQ 3 THEN demNC=1;
    agegrip = age85*grip9;

  VARIABLE:
    NAMES = PersonID cog age grip sexMW demgroup;
    USEVARIABLES = cog sexMW age85 grip9 demNF demNC agegrip;
    MISSING = ALL (-9999);

  ANALYSIS:
    ESTIMATOR = ML;
    PROCESSORS = 4;

  OUTPUT:
    TECH3;

  MODEL:
    cog ON age85 grip9 sexMW (bage85 bgrip9 bsexMW);
    cog ON demNF demNC (bdemNF bdemNC);
    cog ON agegrip (bagegrip);
    [cog] (int);

  MODEL TEST:
  ! Model R2 Test
    bage85=0;
    bgrip9=0;
    bsexMW=0;
    bdemNF=0;
    bdemNC=0;
    bagegrip=0;

  MODEL CONSTRAINT:
    NEW(est1-est16);
  ! est1: Future vs Current
    est1 = -1*bdemNF + 1*bdemNC;
  ! est2: Age Slope at Grip Strength =  6
    est2 = bage85*1 - bagegrip*3;
  ! est3: Age Slope at Grip Strength =  9
    est3 = bage85*1 + bagegrip*0;
  ! est4: Age Slope at Grip Strength = 12
    est4 = bage85*1 + bagegrip*3;
  ! est5: Grip Strength Slope at Age = 80
    est5 = bgrip9*1 - bagegrip*5;
  ! est6: Grip Strength Slope at Age = 85
    est6 = bgrip9*1 + bagegrip*0;
  ! est7: Grip Strength Slope at Age = 90
    est7 = bgrip9*1 + bagegrip*5;
  ! est8: Cognition at Grip = 12 Age = 80
    est8 = int*1 - bage85*5 + bgrip9*3 - bagegrip*15;
  ! est9: Cognition at Grip = 12 Age = 85
    est9 = int*1 + bage85*0 + bgrip9*3 + bagegrip*0;
  ! est10: Cognition at Grip = 12 Age = 90
    est10 = int*1 + bage85*5 + bgrip9*3 + bagegrip*15;
  ! est11: Cognition at Grip =  9 Age = 80
    est11 = int*1 - bage85*5 + bgrip9*0 + bagegrip*0;
  ! est12: Cognition at Grip =  9 Age = 85
    est12 = int*1 + bage85*0 + bgrip9*0 + bagegrip*0;
  ! est13: Cognition at Grip =  9 Age = 90
    est13 = int*1 + bage85*5 + bgrip9*0 + bagegrip*0;
  ! est14: Cognition at Grip =  6 Age = 80
    est14 = int*1 - bage85*5 - bgrip9*3 + bagegrip*15;
  ! est15: Cognition at Grip =  6 Age = 85
    est15 = int*1 + bage85*0 - bgrip9*3 + bagegrip*0;
  ! est16: Cognition at Grip =  6 Age = 90
    est16 = int*1 + bage85*5 - bgrip9*3 - bagegrip*15;



INPUT READING TERMINATED NORMALLY




Eq 2.9: Adding Age by Grip Interaction
Age (0=85), Grip (0=9)

SUMMARY OF ANALYSIS

Number of groups                                                 1
Number of observations                                         550

Number of dependent variables                                    1
Number of independent variables                                  6
Number of continuous latent variables                            0

Observed dependent variables

  Continuous
   COG

Observed independent variables
   SEXMW       AGE85       GRIP9       DEMNF       DEMNC       AGEGRIP


Estimator                                                       ML
Information matrix                                        OBSERVED
Maximum number of iterations                                  1000
Convergence criterion                                    0.500D-04
Maximum number of steepest descent iterations                   20
Maximum number of iterations for H1                           2000
Convergence criterion for H1                             0.100D-03

Input data file(s)
  MPLUS_Chapter2.csv

Input data format  FREE


SUMMARY OF DATA

     Number of missing data patterns             1


COVARIANCE COVERAGE OF DATA

Minimum covariance coverage value   0.100


     PROPORTION OF DATA PRESENT


           Covariance Coverage
              COG           SEXMW         AGE85         GRIP9         DEMNF
              ________      ________      ________      ________      ________
 COG            1.000
 SEXMW          1.000         1.000
 AGE85          1.000         1.000         1.000
 GRIP9          1.000         1.000         1.000         1.000
 DEMNF          1.000         1.000         1.000         1.000         1.000
 DEMNC          1.000         1.000         1.000         1.000         1.000
 AGEGRIP        1.000         1.000         1.000         1.000         1.000


           Covariance Coverage
              DEMNC         AGEGRIP
              ________      ________
 DEMNC          1.000
 AGEGRIP        1.000         1.000



THE MODEL ESTIMATION TERMINATED NORMALLY



MODEL FIT INFORMATION

Number of Free Parameters                        8

Loglikelihood

          H0 Value                       -2004.264
          H1 Value                       -2004.264

Information Criteria

          Akaike (AIC)                    4024.527
          Bayesian (BIC)                  4059.006
          Sample-Size Adjusted BIC        4033.611
            (n* = (n + 2) / 24)

Chi-Square Test of Model Fit

          Value                              0.000
          Degrees of Freedom                     0
          P-Value                           0.0000

Wald Test of Parameter Constraints

          Value                            223.975
          Degrees of Freedom                     6
          P-Value                           0.0000

RMSEA (Root Mean Square Error Of Approximation)

          Estimate                           0.000
          90 Percent C.I.                    0.000  0.000
          Probability RMSEA <= .05           0.000

CFI/TLI

          CFI                                1.000
          TLI                                1.000

Chi-Square Test of Model Fit for the Baseline Model

          Value                            187.891
          Degrees of Freedom                     6
          P-Value                           0.0000

SRMR (Standardized Root Mean Square Residual)

          Value                              0.000



MODEL RESULTS

                                                    Two-Tailed
                    Estimate       S.E.  Est./S.E.    P-Value

 COG      ON
    AGE85             -0.334      0.120     -2.790      0.005
    GRIP9              0.620      0.148      4.193      0.000
    SEXMW             -3.455      0.882     -3.919      0.000
    DEMNF             -5.923      1.007     -5.881      0.000
    DEMNC            -16.300      1.503    -10.846      0.000
    AGEGRIP            0.123      0.040      3.055      0.002

 Intercepts
    COG               29.408      0.690     42.591      0.000

 Residual Variances
    COG               85.656      5.165     16.583      0.000

New/Additional Parameters
    EST1             -10.377      1.689     -6.144      0.000
    EST2              -0.703      0.152     -4.612      0.000
    EST3              -0.334      0.120     -2.790      0.005
    EST4               0.035      0.186      0.190      0.849
    EST5               0.005      0.246      0.018      0.985
    EST6               0.620      0.148      4.193      0.000
    EST7               1.235      0.254      4.866      0.000
    EST8              31.090      1.085     28.643      0.000
    EST9              31.267      0.701     44.614      0.000
    EST10             31.444      1.238     25.395      0.000
    EST11             31.076      0.911     34.115      0.000
    EST12             29.408      0.690     42.591      0.000
    EST13             27.739      0.916     30.288      0.000
    EST14             31.063      1.252     24.802      0.000
    EST15             27.548      0.925     29.784      0.000
    EST16             24.034      1.142     21.051      0.000


QUALITY OF NUMERICAL RESULTS

     Condition Number for the Information Matrix              0.694E-03
       (ratio of smallest to largest eigenvalue)


TECHNICAL 3 OUTPUT


           ESTIMATED COVARIANCE MATRIX FOR PARAMETER ESTIMATES
                  1             2             3             4             5
              ________      ________      ________      ________      ________
      1     0.476740D+00
      2    -0.444928D+00  0.777223D+00
      3     0.447793D-03  0.495997D-02  0.143011D-01
      4    -0.303613D-01  0.530577D-01  0.327470D-02  0.218423D-01
      5    -0.179709D+00 -0.701104D-01 -0.407830D-02 -0.132170D-01  0.101435D+01
      6    -0.223462D+00  0.234059D-01 -0.113647D-02 -0.297218D-03  0.210198D+00
      7     0.189204D-02  0.266031D-02  0.946476D-03  0.200351D-03 -0.264495D-02
      8    -0.611441D-04  0.147238D-03  0.817530D-04  0.941959D-04 -0.987010D-04
      9    -0.437535D-01  0.935163D-01  0.294182D-02  0.129198D-01 -0.804156D+00
     10    -0.522833D-02 -0.302095D-02  0.114616D-01  0.267365D-02  0.385654D-02
     11     0.447793D-03  0.495997D-02  0.143011D-01  0.327470D-02 -0.407830D-02
     12     0.612392D-02  0.129409D-01  0.171405D-01  0.387575D-02 -0.120131D-01
     13    -0.398215D-01  0.397562D-01 -0.145768D-02  0.208406D-01  0.769953D-05
     14    -0.303613D-01  0.530577D-01  0.327470D-02  0.218423D-01 -0.132170D-01
     15    -0.209011D-01  0.663592D-01  0.800708D-02  0.228441D-01 -0.264418D-01
     16     0.355036D+00 -0.350459D+00 -0.754306D-01  0.157869D-01 -0.159294D+00
     17     0.385656D+00 -0.285754D+00  0.102719D-01  0.351656D-01 -0.219360D+00
     18     0.416275D+00 -0.221050D+00  0.959744D-01  0.545444D-01 -0.279425D+00
     19     0.474501D+00 -0.469727D+00 -0.710576D-01 -0.467348D-01 -0.159317D+00
     20     0.476740D+00 -0.444928D+00  0.447793D-03 -0.303613D-01 -0.179709D+00
     21     0.478979D+00 -0.420128D+00  0.719532D-01 -0.139878D-01 -0.200100D+00
     22     0.593965D+00 -0.588996D+00 -0.666845D-01 -0.109257D+00 -0.159340D+00
     23     0.567824D+00 -0.604101D+00 -0.937631D-02 -0.958883D-01 -0.140057D+00
     24     0.541682D+00 -0.619205D+00  0.479319D-01 -0.825200D-01 -0.120775D+00


           ESTIMATED COVARIANCE MATRIX FOR PARAMETER ESTIMATES
                  6             7             8             9            10
              ________      ________      ________      ________      ________
      6     0.225864D+01
      7     0.236586D-02  0.162225D-02
      8     0.275748D-03  0.619853D-05  0.266786D+02
      9     0.204844D+01  0.501081D-02  0.374449D-03  0.285260D+01
     10    -0.823405D-02 -0.392026D-02  0.631575D-04 -0.120906D-01  0.232224D-01
     11    -0.113647D-02  0.946476D-03  0.817530D-04  0.294182D-02  0.114616D-01
     12     0.596111D-02  0.581321D-02  0.100349D-03  0.179742D-01 -0.299134D-03
     13    -0.121265D-01 -0.791088D-02  0.632033D-04 -0.121342D-01  0.222749D-01
     14    -0.297218D-03  0.200351D-03  0.941959D-04  0.129198D-01  0.267365D-02
     15     0.115321D-01  0.831158D-02  0.125189D-03  0.379738D-01 -0.169277D-01
     16    -0.254159D+00 -0.265730D-01 -0.280299D-03 -0.948653D-01  0.428828D-02
     17    -0.224354D+00  0.249309D-02  0.221444D-03 -0.499411D-02  0.279261D-02
     18    -0.194548D+00  0.315592D-01  0.723187D-03  0.848771D-01  0.129694D-02
     19    -0.217780D+00 -0.284034D-02 -0.469909D-03 -0.584627D-01 -0.625366D-01
     20    -0.223462D+00  0.189204D-02 -0.611441D-04 -0.437535D-01 -0.522833D-02
     21    -0.229144D+00  0.662442D-02  0.347621D-03 -0.290444D-01  0.520799D-01
     22    -0.181400D+00  0.208923D-01 -0.659519D-03 -0.220600D-01 -0.129361D+00
     23    -0.222570D+00  0.129099D-02 -0.343732D-03 -0.825130D-01 -0.132493D-01
     24    -0.263741D+00 -0.183103D-01 -0.279447D-04 -0.142966D+00  0.102863D+00


           ESTIMATED COVARIANCE MATRIX FOR PARAMETER ESTIMATES
                 11            12            13            14            15
              ________      ________      ________      ________      ________
     11     0.143011D-01
     12     0.171405D-01  0.345801D-01
     13    -0.145768D-02 -0.251903D-01  0.603949D-01
     14     0.327470D-02  0.387575D-02  0.208406D-01  0.218423D-01
     15     0.800708D-02  0.329418D-01 -0.187138D-01  0.228441D-01  0.644020D-01
     16    -0.754306D-01 -0.155150D+00  0.148652D+00  0.157869D-01 -0.117078D+00
     17     0.102719D-01  0.177512D-01  0.227002D-01  0.351656D-01  0.476311D-01
     18     0.959744D-01  0.190652D+00 -0.103251D+00  0.545444D-01  0.212340D+00
     19    -0.710576D-01 -0.795786D-01 -0.325331D-01 -0.467348D-01 -0.609365D-01
     20     0.447793D-03  0.612392D-02 -0.398215D-01 -0.303613D-01 -0.209011D-01
     21     0.719532D-01  0.918264D-01 -0.471099D-01 -0.139878D-01  0.191343D-01
     22    -0.666845D-01 -0.400767D-02 -0.213718D+00 -0.109257D+00 -0.479506D-02
     23    -0.937631D-02 -0.550334D-02 -0.102343D+00 -0.958883D-01 -0.894333D-01
     24     0.479319D-01 -0.699901D-02  0.903152D-02 -0.825200D-01 -0.174072D+00


           ESTIMATED COVARIANCE MATRIX FOR PARAMETER ESTIMATES
                 16            17            18            19            20
              ________      ________      ________      ________      ________
     16     0.117814D+01
     17     0.402397D+00  0.491153D+00
     18    -0.373351D+00  0.579909D+00  0.153317D+01
     19     0.732189D+00  0.334296D+00 -0.635966D-01  0.829789D+00
     20     0.355036D+00  0.385656D+00  0.416275D+00  0.474501D+00  0.476740D+00
     21    -0.221168D-01  0.437015D+00  0.896147D+00  0.119213D+00  0.478979D+00
     22     0.286234D+00  0.266196D+00  0.246158D+00  0.927388D+00  0.593965D+00
     23     0.307676D+00  0.280159D+00  0.252642D+00  0.614705D+00  0.567824D+00
     24     0.329117D+00  0.294122D+00  0.259127D+00  0.302022D+00  0.541682D+00


           ESTIMATED COVARIANCE MATRIX FOR PARAMETER ESTIMATES
                 21            22            23            24
              ________      ________      ________      ________
     21     0.838745D+00
     22     0.260543D+00  0.156854D+01
     23     0.520942D+00  0.921735D+00  0.855489D+00
     24     0.781342D+00  0.274928D+00  0.789242D+00  0.130356D+01


           ESTIMATED CORRELATION MATRIX FOR PARAMETER ESTIMATES
                  1             2             3             4             5
              ________      ________      ________      ________      ________
      1         1.000
      2        -0.731         1.000
      3         0.005         0.047         1.000
      4        -0.298         0.407         0.185         1.000
      5        -0.258        -0.079        -0.034        -0.089         1.000
      6        -0.215         0.018        -0.006        -0.001         0.139
      7         0.068         0.075         0.197         0.034        -0.065
      8         0.000         0.000         0.000         0.000         0.000
      9        -0.038         0.063         0.015         0.052        -0.473
     10        -0.050        -0.022         0.629         0.119         0.025
     11         0.005         0.047         1.000         0.185        -0.034
     12         0.048         0.079         0.771         0.141        -0.064
     13        -0.235         0.183        -0.050         0.574         0.000
     14        -0.298         0.407         0.185         1.000        -0.089
     15        -0.119         0.297         0.264         0.609        -0.103
     16         0.474        -0.366        -0.581         0.098        -0.146
     17         0.797        -0.463         0.123         0.340        -0.311
     18         0.487        -0.202         0.648         0.298        -0.224
     19         0.754        -0.585        -0.652        -0.347        -0.174
     20         1.000        -0.731         0.005        -0.298        -0.258
     21         0.757        -0.520         0.657        -0.103        -0.217
     22         0.687        -0.533        -0.445        -0.590        -0.126
     23         0.889        -0.741        -0.085        -0.701        -0.150
     24         0.687        -0.615         0.351        -0.489        -0.105


           ESTIMATED CORRELATION MATRIX FOR PARAMETER ESTIMATES
                  6             7             8             9            10
              ________      ________      ________      ________      ________
      6         1.000
      7         0.039         1.000
      8         0.000         0.000         1.000
      9         0.807         0.074         0.000         1.000
     10        -0.036        -0.639         0.000        -0.047         1.000
     11        -0.006         0.197         0.000         0.015         0.629
     12         0.021         0.776         0.000         0.057        -0.011
     13        -0.033        -0.799         0.000        -0.029         0.595
     14        -0.001         0.034         0.000         0.052         0.119
     15         0.030         0.813         0.000         0.089        -0.438
     16        -0.156        -0.608         0.000        -0.052         0.026
     17        -0.213         0.088         0.000        -0.004         0.026
     18        -0.105         0.633         0.000         0.041         0.007
     19        -0.159        -0.077         0.000        -0.038        -0.451
     20        -0.215         0.068         0.000        -0.038        -0.050
     21        -0.166         0.180         0.000        -0.019         0.373
     22        -0.096         0.414         0.000        -0.010        -0.678
     23        -0.160         0.035         0.000        -0.053        -0.094
     24        -0.154        -0.398         0.000        -0.074         0.591


           ESTIMATED CORRELATION MATRIX FOR PARAMETER ESTIMATES
                 11            12            13            14            15
              ________      ________      ________      ________      ________
     11         1.000
     12         0.771         1.000
     13        -0.050        -0.551         1.000
     14         0.185         0.141         0.574         1.000
     15         0.264         0.698        -0.300         0.609         1.000
     16        -0.581        -0.769         0.557         0.098        -0.425
     17         0.123         0.136         0.132         0.340         0.268
     18         0.648         0.828        -0.339         0.298         0.676
     19        -0.652        -0.470        -0.145        -0.347        -0.264
     20         0.005         0.048        -0.235        -0.298        -0.119
     21         0.657         0.539        -0.209        -0.103         0.082
     22        -0.445        -0.017        -0.694        -0.590        -0.015
     23        -0.085        -0.032        -0.450        -0.701        -0.381
     24         0.351        -0.033         0.032        -0.489        -0.601


           ESTIMATED CORRELATION MATRIX FOR PARAMETER ESTIMATES
                 16            17            18            19            20
              ________      ________      ________      ________      ________
     16         1.000
     17         0.529         1.000
     18        -0.278         0.668         1.000
     19         0.741         0.524        -0.056         1.000
     20         0.474         0.797         0.487         0.754         1.000
     21        -0.022         0.681         0.790         0.143         0.757
     22         0.211         0.303         0.159         0.813         0.687
     23         0.306         0.432         0.221         0.730         0.889
     24         0.266         0.368         0.183         0.290         0.687


           ESTIMATED CORRELATION MATRIX FOR PARAMETER ESTIMATES
                 21            22            23            24
              ________      ________      ________      ________
     21         1.000
     22         0.227         1.000
     23         0.615         0.796         1.000
     24         0.747         0.192         0.747         1.000


     Beginning Time:  10:01:34
        Ending Time:  10:01:34
       Elapsed Time:  00:00:00



MUTHEN & MUTHEN
3463 Stoner Ave.
Los Angeles, CA  90066

Tel: (310) 391-9971
Fax: (310) 391-8971
Web: www.StatModel.com
Support: Support@StatModel.com

Copyright (c) 1998-2014 Muthen & Muthen
