Mplus VERSION 7.3
MUTHEN & MUTHEN
01/09/2015  10:01 AM

INPUT INSTRUCTIONS

  TITLE:
    Eq 2.4: Adding Original Age Instead

  DATA:
    FILE = MPLUS_Chapter2.csv;
    FORMAT = FREE;

  VARIABLE:
    NAMES = PersonID cog age grip sexMW demgroup;
    USEVARIABLES = cog age;
    MISSING = ALL (-9999);

  ANALYSIS:
    ESTIMATOR = ML;
    PROCESSORS = 4;

  MODEL:
    cog ON age;



INPUT READING TERMINATED NORMALLY




Eq 2.4: Adding Original Age Instead

SUMMARY OF ANALYSIS

Number of groups                                                 1
Number of observations                                         550

Number of dependent variables                                    1
Number of independent variables                                  1
Number of continuous latent variables                            0

Observed dependent variables

  Continuous
   COG

Observed independent variables
   AGE


Estimator                                                       ML
Information matrix                                        OBSERVED
Maximum number of iterations                                  1000
Convergence criterion                                    0.500D-04
Maximum number of steepest descent iterations                   20
Maximum number of iterations for H1                           2000
Convergence criterion for H1                             0.100D-03

Input data file(s)
  MPLUS_Chapter2.csv

Input data format  FREE


SUMMARY OF DATA

     Number of missing data patterns             1


COVARIANCE COVERAGE OF DATA

Minimum covariance coverage value   0.100


     PROPORTION OF DATA PRESENT


           Covariance Coverage
              COG           AGE
              ________      ________
 COG            1.000
 AGE            1.000         1.000



THE MODEL ESTIMATION TERMINATED NORMALLY



MODEL FIT INFORMATION

Number of Free Parameters                        3

Loglikelihood

          H0 Value                       -2090.101
          H1 Value                       -2090.101

Information Criteria

          Akaike (AIC)                    4186.202
          Bayesian (BIC)                  4199.132
          Sample-Size Adjusted BIC        4189.608
            (n* = (n + 2) / 24)

Chi-Square Test of Model Fit

          Value                              0.000
          Degrees of Freedom                     0
          P-Value                           0.0000

RMSEA (Root Mean Square Error Of Approximation)

          Estimate                           0.000
          90 Percent C.I.                    0.000  0.000
          Probability RMSEA <= .05           0.000

CFI/TLI

          CFI                                1.000
          TLI                                1.000

Chi-Square Test of Model Fit for the Baseline Model

          Value                             16.216
          Degrees of Freedom                     1
          P-Value                           0.0001

SRMR (Standardized Root Mean Square Residual)

          Value                              0.000



MODEL RESULTS

                                                    Two-Tailed
                    Estimate       S.E.  Est./S.E.    P-Value

 COG      ON
    AGE               -0.546      0.135     -4.057      0.000

 Intercepts
    COG               71.198     11.441      6.223      0.000

 Residual Variances
    COG              117.039      7.058     16.583      0.000


QUALITY OF NUMERICAL RESULTS

     Condition Number for the Information Matrix              0.206E-03
       (ratio of smallest to largest eigenvalue)


     Beginning Time:  10:01:26
        Ending Time:  10:01:26
       Elapsed Time:  00:00:00



MUTHEN & MUTHEN
3463 Stoner Ave.
Los Angeles, CA  90066

Tel: (310) 391-9971
Fax: (310) 391-8971
Web: www.StatModel.com
Support: Support@StatModel.com

Copyright (c) 1998-2014 Muthen & Muthen
