Mplus VERSION 7.3
MUTHEN & MUTHEN
01/09/2015  10:01 AM

INPUT INSTRUCTIONS

  TITLE:
    Eq 2.16: Adding Sex by Dementia Interaction
    Sex (0=Men), Dementia (0=Current)

  DATA:
    FILE = MPLUS_Chapter2.csv;
    FORMAT = FREE;

  DEFINE:
    age85 = age - 85;
    grip9 = grip - 9;
    IF demgroup EQ 1 THEN demCN=1;
    IF demgroup EQ 1 THEN demCF=0;
    IF demgroup EQ 2 THEN demCN=0;
    IF demgroup EQ 2 THEN demCF=1;
    IF demgroup EQ 3 THEN demCN=0;
    IF demgroup EQ 3 THEN demCF=0;
    agegrip = age85*grip9;
    sexCN = sexMW*demCN;
    sexCF = sexMW*demCF;

  VARIABLE:
    NAMES = PersonID cog age grip sexMW demgroup;
    USEVARIABLES = cog sexMW age85 grip9 demCN demCF agegrip sexCN sexCF;
    MISSING = ALL (-9999);

  ANALYSIS:
    ESTIMATOR = ML;
    PROCESSORS = 4;

  MODEL:
    cog ON age85 grip9 sexMW (bage85 bgrip9 bsexMW);
    cog ON demCN demCF (bdemCN bdemCF);
    cog ON agegrip sexCN sexCF (bagegrip bsexCN bsexCF);



INPUT READING TERMINATED NORMALLY




Eq 2.16: Adding Sex by Dementia Interaction
Sex (0=Men), Dementia (0=Current)

SUMMARY OF ANALYSIS

Number of groups                                                 1
Number of observations                                         550

Number of dependent variables                                    1
Number of independent variables                                  8
Number of continuous latent variables                            0

Observed dependent variables

  Continuous
   COG

Observed independent variables
   SEXMW       AGE85       GRIP9       DEMCN       DEMCF       AGEGRIP
   SEXCN       SEXCF


Estimator                                                       ML
Information matrix                                        OBSERVED
Maximum number of iterations                                  1000
Convergence criterion                                    0.500D-04
Maximum number of steepest descent iterations                   20
Maximum number of iterations for H1                           2000
Convergence criterion for H1                             0.100D-03

Input data file(s)
  MPLUS_Chapter2.csv

Input data format  FREE


SUMMARY OF DATA

     Number of missing data patterns             1


COVARIANCE COVERAGE OF DATA

Minimum covariance coverage value   0.100


     PROPORTION OF DATA PRESENT


           Covariance Coverage
              COG           SEXMW         AGE85         GRIP9         DEMCN
              ________      ________      ________      ________      ________
 COG            1.000
 SEXMW          1.000         1.000
 AGE85          1.000         1.000         1.000
 GRIP9          1.000         1.000         1.000         1.000
 DEMCN          1.000         1.000         1.000         1.000         1.000
 DEMCF          1.000         1.000         1.000         1.000         1.000
 AGEGRIP        1.000         1.000         1.000         1.000         1.000
 SEXCN          1.000         1.000         1.000         1.000         1.000
 SEXCF          1.000         1.000         1.000         1.000         1.000


           Covariance Coverage
              DEMCF         AGEGRIP       SEXCN         SEXCF
              ________      ________      ________      ________
 DEMCF          1.000
 AGEGRIP        1.000         1.000
 SEXCN          1.000         1.000         1.000
 SEXCF          1.000         1.000         1.000         1.000



THE MODEL ESTIMATION TERMINATED NORMALLY



MODEL FIT INFORMATION

Number of Free Parameters                       10

Loglikelihood

          H0 Value                       -2000.736
          H1 Value                       -2000.736

Information Criteria

          Akaike (AIC)                    4021.473
          Bayesian (BIC)                  4064.572
          Sample-Size Adjusted BIC        4032.827
            (n* = (n + 2) / 24)

Chi-Square Test of Model Fit

          Value                              0.000
          Degrees of Freedom                     0
          P-Value                           0.0000

RMSEA (Root Mean Square Error Of Approximation)

          Estimate                           0.000
          90 Percent C.I.                    0.000  0.000
          Probability RMSEA <= .05           0.000

CFI/TLI

          CFI                                1.000
          TLI                                1.000

Chi-Square Test of Model Fit for the Baseline Model

          Value                            194.946
          Degrees of Freedom                     8
          P-Value                           0.0000

SRMR (Standardized Root Mean Square Residual)

          Value                              0.000



MODEL RESULTS

                                                    Two-Tailed
                    Estimate       S.E.  Est./S.E.    P-Value

 COG      ON
    AGE85             -0.335      0.119     -2.816      0.005
    GRIP9              0.618      0.147      4.207      0.000
    SEXMW            -10.751      2.876     -3.739      0.000
    DEMCN             11.971      2.227      5.376      0.000
    DEMCF              5.915      2.566      2.306      0.021
    AGEGRIP            0.122      0.040      3.052      0.002
    SEXCN              7.875      3.000      2.625      0.009
    SEXCF              8.039      3.387      2.374      0.018

 Intercepts
    COG               17.099      2.123      8.056      0.000

 Residual Variances
    COG               84.566      5.100     16.583      0.000


QUALITY OF NUMERICAL RESULTS

     Condition Number for the Information Matrix              0.603E-03
       (ratio of smallest to largest eigenvalue)


     Beginning Time:  10:01:46
        Ending Time:  10:01:47
       Elapsed Time:  00:00:01



MUTHEN & MUTHEN
3463 Stoner Ave.
Los Angeles, CA  90066

Tel: (310) 391-9971
Fax: (310) 391-8971
Web: www.StatModel.com
Support: Support@StatModel.com

Copyright (c) 1998-2014 Muthen & Muthen
