Mplus VERSION 7.3
MUTHEN & MUTHEN
01/09/2015  10:01 AM

INPUT INSTRUCTIONS

  TITLE:
    Eq 2.13: Adding Sex by Dementia Interaction
    Sex (0=Women), Dementia (0=None)

  DATA:
    FILE = MPLUS_Chapter2.csv;
    FORMAT = FREE;

  DEFINE:
    age85 = age - 85;
    grip9 = grip - 9;
    IF sexMW EQ 0 THEN sexWM=1;
    IF sexMW EQ 1 THEN sexWM=0;
    IF demgroup EQ 1 THEN demNF=0;
    IF demgroup EQ 1 THEN demNC=0;
    IF demgroup EQ 2 THEN demNF=1;
    IF demgroup EQ 2 THEN demNC=0;
    IF demgroup EQ 3 THEN demNF=0;
    IF demgroup EQ 3 THEN demNC=1;
    agegrip = age85*grip9;
    sexNF = sexWM*demNF;
    sexNC = sexWM*demNC;

  VARIABLE:
    NAMES = PersonID cog age grip sexMW demgroup;
    USEVARIABLES = cog age85 grip9 sexWM demNF demNC agegrip sexNF sexNC;
    MISSING = ALL (-9999);

  ANALYSIS:
    ESTIMATOR = ML;
    PROCESSORS = 4;

  MODEL:
    cog ON age85 grip9 sexWM (bage85 bgrip9 bsexWM);
    cog ON demNF demNC (bdemNF bdemNC);
    cog ON agegrip sexNF sexNC (bagegrip bsexNF bsexNC);



INPUT READING TERMINATED NORMALLY




Eq 2.13: Adding Sex by Dementia Interaction
Sex (0=Women), Dementia (0=None)

SUMMARY OF ANALYSIS

Number of groups                                                 1
Number of observations                                         550

Number of dependent variables                                    1
Number of independent variables                                  8
Number of continuous latent variables                            0

Observed dependent variables

  Continuous
   COG

Observed independent variables
   AGE85       GRIP9       SEXWM       DEMNF       DEMNC       AGEGRIP
   SEXNF       SEXNC


Estimator                                                       ML
Information matrix                                        OBSERVED
Maximum number of iterations                                  1000
Convergence criterion                                    0.500D-04
Maximum number of steepest descent iterations                   20
Maximum number of iterations for H1                           2000
Convergence criterion for H1                             0.100D-03

Input data file(s)
  MPLUS_Chapter2.csv

Input data format  FREE


SUMMARY OF DATA

     Number of missing data patterns             1


COVARIANCE COVERAGE OF DATA

Minimum covariance coverage value   0.100


     PROPORTION OF DATA PRESENT


           Covariance Coverage
              COG           AGE85         GRIP9         SEXWM         DEMNF
              ________      ________      ________      ________      ________
 COG            1.000
 AGE85          1.000         1.000
 GRIP9          1.000         1.000         1.000
 SEXWM          1.000         1.000         1.000         1.000
 DEMNF          1.000         1.000         1.000         1.000         1.000
 DEMNC          1.000         1.000         1.000         1.000         1.000
 AGEGRIP        1.000         1.000         1.000         1.000         1.000
 SEXNF          1.000         1.000         1.000         1.000         1.000
 SEXNC          1.000         1.000         1.000         1.000         1.000


           Covariance Coverage
              DEMNC         AGEGRIP       SEXNF         SEXNC
              ________      ________      ________      ________
 DEMNC          1.000
 AGEGRIP        1.000         1.000
 SEXNF          1.000         1.000         1.000
 SEXNC          1.000         1.000         1.000         1.000



THE MODEL ESTIMATION TERMINATED NORMALLY



MODEL FIT INFORMATION

Number of Free Parameters                       10

Loglikelihood

          H0 Value                       -2000.736
          H1 Value                       -2000.736

Information Criteria

          Akaike (AIC)                    4021.473
          Bayesian (BIC)                  4064.572
          Sample-Size Adjusted BIC        4032.827
            (n* = (n + 2) / 24)

Chi-Square Test of Model Fit

          Value                              0.000
          Degrees of Freedom                     0
          P-Value                           0.0000

RMSEA (Root Mean Square Error Of Approximation)

          Estimate                           0.000
          90 Percent C.I.                    0.000  0.000
          Probability RMSEA <= .05           0.000

CFI/TLI

          CFI                                1.000
          TLI                                1.000

Chi-Square Test of Model Fit for the Baseline Model

          Value                            194.946
          Degrees of Freedom                     8
          P-Value                           0.0000

SRMR (Standardized Root Mean Square Residual)

          Value                              0.000



MODEL RESULTS

                                                    Two-Tailed
                    Estimate       S.E.  Est./S.E.    P-Value

 COG      ON
    AGE85             -0.335      0.119     -2.816      0.005
    GRIP9              0.618      0.147      4.207      0.000
    SEXWM              2.876      1.003      2.867      0.004
    DEMNF             -5.892      1.267     -4.649      0.000
    DEMNC            -19.846      2.012     -9.864      0.000
    AGEGRIP            0.122      0.040      3.052      0.002
    SEXNF             -0.164      2.054     -0.080      0.936
    SEXNC              7.875      3.000      2.625      0.009

 Intercepts
    COG               26.195      0.634     41.341      0.000

 Residual Variances
    COG               84.574      5.101     16.581      0.000


QUALITY OF NUMERICAL RESULTS

     Condition Number for the Information Matrix              0.193E-03
       (ratio of smallest to largest eigenvalue)


     Beginning Time:  10:01:41
        Ending Time:  10:01:41
       Elapsed Time:  00:00:00



MUTHEN & MUTHEN
3463 Stoner Ave.
Los Angeles, CA  90066

Tel: (310) 391-9971
Fax: (310) 391-8971
Web: www.StatModel.com
Support: Support@StatModel.com

Copyright (c) 1998-2014 Muthen & Muthen
