Mplus VERSION 7.3
MUTHEN & MUTHEN
03/13/2015  10:01 AM

INPUT INSTRUCTIONS

  TITLE:
   Modeling Cognitive Decline in ELSA study: irecall

  DATA:
    FILE = dsL_ELSA.csv;
    FORMAT = FREE;

  DEFINE:
  ! choose the metric of time
    timeL = wave - 1;
  ! choose the outcome
    outcome = irecall;

  !123456789!123456789!123456789!123456789!123456789!123456789!123456789!123456789!
  VARIABLE:
    NAMES = id dob sex age1B edu ht db htdb nocase ang1A chf1A mi1A stk1A cogflg1A
    evrsmk1A htnw1A dmw1A timeToIn irecall animal prospect drecall age80 edu11 hptn
    dbts condition wave year Age waveF female;
    USEVARIABLES =  age80 outcome timeL ;
    MISSING = ALL (-9999);
    CLUSTER = id;
    WITHIN = timeL;
    BETWEEN = age80;



  ANALYSIS:
    ESTIMATOR = ML;
    PROCESSORS = 4;
    TYPE = TWOLEVEL RANDOM;

  MODEL:

  %WITHIN%
    outcome;
    linear | outcome ON timeL;

  %BETWEEN%
    [outcome linear ] (int btimeL );
    outcome linear ;
    outcome  WITH linear ;
    outcome linear ON age80 ;











*** WARNING
  Data set contains cases with missing on x-variables.
  These cases were not included in the analysis.
  Number of cases with missing on x-variables:  4
   1 WARNING(S) FOUND IN THE INPUT INSTRUCTIONS




Modeling Cognitive Decline in ELSA study: irecall

SUMMARY OF ANALYSIS

Number of groups                                                 1
Number of observations                                       22112

Number of dependent variables                                    1
Number of independent variables                                  2
Number of continuous latent variables                            1

Observed dependent variables

  Continuous
   OUTCOME

Observed independent variables
   AGE80       TIMEL

Continuous latent variables
   LINEAR

Variables with special functions

  Cluster variable      ID

  Within variables
   TIMEL

  Between variables
   AGE80


Estimator                                                       ML
Information matrix                                        OBSERVED
Maximum number of iterations                                   100
Convergence criterion                                    0.100D-05
Maximum number of EM iterations                                500
Convergence criteria for the EM algorithm
  Loglikelihood change                                   0.100D-02
  Relative loglikelihood change                          0.100D-05
  Derivative                                             0.100D-03
Minimum variance                                         0.100D-03
Maximum number of steepest descent iterations                   20
Maximum number of iterations for H1                           2000
Convergence criterion for H1                             0.100D-03
Optimization algorithm                                         EMA

Input data file(s)
  dsL_ELSA.csv
Input data format  FREE


SUMMARY OF DATA

     Number of missing data patterns             1
     Number of clusters                       5528



COVARIANCE COVERAGE OF DATA

Minimum covariance coverage value   0.100


     PROPORTION OF DATA PRESENT


           Covariance Coverage
              OUTCOME       TIMEL         AGE80
              ________      ________      ________
 OUTCOME        1.000
 TIMEL          1.000         1.000
 AGE80          1.000         1.000         1.000



THE MODEL ESTIMATION TERMINATED NORMALLY



MODEL FIT INFORMATION

Number of Free Parameters                        8

Loglikelihood

          H0 Value                      -39608.515

Information Criteria

          Akaike (AIC)                   79233.031
          Bayesian (BIC)                 79297.062
          Sample-Size Adjusted BIC       79271.638
            (n* = (n + 2) / 24)



MODEL RESULTS

                                                    Two-Tailed
                    Estimate       S.E.  Est./S.E.    P-Value

Within Level

 Residual Variances
    OUTCOME            1.563      0.021     74.355      0.000

Between Level

 LINEAR     ON
    AGE80             -0.008      0.001     -8.837      0.000

 OUTCOME    ON
    AGE80             -0.055      0.002    -26.391      0.000

 OUTCOME  WITH
    LINEAR             0.029      0.014      2.142      0.032

 Intercepts
    OUTCOME            4.929      0.040    124.506      0.000
    LINEAR            -0.146      0.016     -8.974      0.000

 Residual Variances
    OUTCOME            0.784      0.039     20.294      0.000
    LINEAR             0.005      0.007      0.620      0.535


QUALITY OF NUMERICAL RESULTS

     Condition Number for the Information Matrix              0.275E-04
       (ratio of smallest to largest eigenvalue)


DIAGRAM INFORMATION

  Mplus diagrams are currently not available for multilevel analysis.
  No diagram output was produced.


     Beginning Time:  10:01:17
        Ending Time:  10:01:20
       Elapsed Time:  00:00:03



MUTHEN & MUTHEN
3463 Stoner Ave.
Los Angeles, CA  90066

Tel: (310) 391-9971
Fax: (310) 391-8971
Web: www.StatModel.com
Support: Support@StatModel.com

Copyright (c) 1998-2014 Muthen & Muthen
